The system is: Linux - 5.3.18-150300.59.71-default - x86_64
Compiling the C compiler identification source file "CMakeCCompilerId.c" succeeded.
Compiler: /mpcdf/soft/SLE_15/packages/x86_64/gcc/11.2.0/bin/gcc 
Build flags: 
Id flags:  

The output was:
0


Compilation of the C compiler identification source "CMakeCCompilerId.c" produced "a.out"

The C compiler identification is GNU, found in "/u/saif/programm_installs/cppzmq/build/CMakeFiles/3.17.0/CompilerIdC/a.out"

Compiling the CXX compiler identification source file "CMakeCXXCompilerId.cpp" succeeded.
Compiler: /mpcdf/soft/SLE_15/packages/x86_64/gcc/11.2.0/bin/g++ 
Build flags: 
Id flags:  

The output was:
0


Compilation of the CXX compiler identification source "CMakeCXXCompilerId.cpp" produced "a.out"

The CXX compiler identification is GNU, found in "/u/saif/programm_installs/cppzmq/build/CMakeFiles/3.17.0/CompilerIdCXX/a.out"

Determining if the C compiler works passed with the following output:
Change Dir: /u/saif/programm_installs/cppzmq/build/CMakeFiles/CMakeTmp

Run Build Command(s):/usr/bin/gmake cmTC_50b96/fast && /usr/bin/gmake -f CMakeFiles/cmTC_50b96.dir/build.make CMakeFiles/cmTC_50b96.dir/build
gmake[1]: Entering directory '/raven/u/saif/programm_installs/cppzmq/build/CMakeFiles/CMakeTmp'
Building C object CMakeFiles/cmTC_50b96.dir/testCCompiler.c.o
/mpcdf/soft/SLE_15/packages/x86_64/gcc/11.2.0/bin/gcc    -o CMakeFiles/cmTC_50b96.dir/testCCompiler.c.o   -c /u/saif/programm_installs/cppzmq/build/CMakeFiles/CMakeTmp/testCCompiler.c
Linking C executable cmTC_50b96
/usr/bin/cmake -E cmake_link_script CMakeFiles/cmTC_50b96.dir/link.txt --verbose=1
/mpcdf/soft/SLE_15/packages/x86_64/gcc/11.2.0/bin/gcc      CMakeFiles/cmTC_50b96.dir/testCCompiler.c.o  -o cmTC_50b96 
gmake[1]: Leaving directory '/raven/u/saif/programm_installs/cppzmq/build/CMakeFiles/CMakeTmp'



Detecting C compiler ABI info compiled with the following output:
Change Dir: /u/saif/programm_installs/cppzmq/build/CMakeFiles/CMakeTmp

Run Build Command(s):/usr/bin/gmake cmTC_79c41/fast && /usr/bin/gmake -f CMakeFiles/cmTC_79c41.dir/build.make CMakeFiles/cmTC_79c41.dir/build
gmake[1]: Entering directory '/raven/u/saif/programm_installs/cppzmq/build/CMakeFiles/CMakeTmp'
Building C object CMakeFiles/cmTC_79c41.dir/CMakeCCompilerABI.c.o
/mpcdf/soft/SLE_15/packages/x86_64/gcc/11.2.0/bin/gcc   -v -o CMakeFiles/cmTC_79c41.dir/CMakeCCompilerABI.c.o   -c /usr/share/cmake/Modules/CMakeCCompilerABI.c
Reading specs from /raven/u/system/soft/SLE_15/packages/x86_64/gcc/11.2.0/bin/../lib/gcc/x86_64-pc-linux-gnu/11.2.0/specs
COLLECT_GCC=/mpcdf/soft/SLE_15/packages/x86_64/gcc/11.2.0/bin/gcc
Target: x86_64-pc-linux-gnu
Configured with: ../gcc-11.2.0/configure LDFLAGS='-fmessage-length=0 -grecord-gcc-switches -O2 -D_FORTIFY_SOURCE=2 -funwind-tables -fasynchronous-unwind-tables -fstack-clash-protection -U_FORTIFY_SOURCE -fPIC -Wno-error=format-security -Wl,-rpath=/mpcdf/soft/SLE_15/packages/x86_64/gcc/11.2.0/lib64 -L/mpcdf/soft/SLE_15/packages/x86_64/isl/0.16.1/lib -Wl,-rpath=/mpcdf/soft/SLE_15/packages/x86_64/isl/0.16.1/lib' CFLAGS='-fmessage-length=0 -grecord-gcc-switches -O2 -D_FORTIFY_SOURCE=2 -funwind-tables -fasynchronous-unwind-tables -fstack-clash-protection -U_FORTIFY_SOURCE -fPIC -Wno-error=format-security' CXXFLAGS='-fmessage-length=0 -grecord-gcc-switches -O2 -D_FORTIFY_SOURCE=2 -funwind-tables -fasynchronous-unwind-tables -fstack-clash-protection -U_FORTIFY_SOURCE -fPIC -Wno-error=format-security' XCFLAGS='-fmessage-length=0 -grecord-gcc-switches -O2 -D_FORTIFY_SOURCE=2 -funwind-tables -fasynchronous-unwind-tables -fstack-clash-protection -U_FORTIFY_SOURCE -fPIC -Wno-error=format-security' TCFLAGS='-fmessage-length=0 -grecord-gcc-switches -O2 -D_FORTIFY_SOURCE=2 -funwind-tables -fasynchronous-unwind-tables -fstack-clash-protection -U_FORTIFY_SOURCE -fPIC -Wno-error=format-security' GCJFLAGS='-fmessage-length=0 -grecord-gcc-switches -O2 -D_FORTIFY_SOURCE=2 -funwind-tables -fasynchronous-unwind-tables -fstack-clash-protection -U_FORTIFY_SOURCE -fPIC -Wno-error=format-security ' --with-stage1-ldflags='-fmessage-length=0 -grecord-gcc-switches -O2 -D_FORTIFY_SOURCE=2 -funwind-tables -fasynchronous-unwind-tables -fstack-clash-protection -U_FORTIFY_SOURCE -fPIC -Wno-error=format-security -Wl,-rpath=/mpcdf/soft/SLE_15/packages/x86_64/gcc/11.2.0/lib64 -L/mpcdf/soft/SLE_15/packages/x86_64/isl/0.16.1/lib -Wl,-rpath=/mpcdf/soft/SLE_15/packages/x86_64/isl/0.16.1/lib' --prefix=/mpcdf/soft/SLE_15/packages/x86_64/gcc/11.2.0 --disable-multilib --with-isl=/mpcdf/soft/SLE_15/packages/x86_64/isl/0.16.1 --enable-linker-build-id --enable-languages=c,c++,fortran
Thread model: posix
Supported LTO compression algorithms: zlib
gcc version 11.2.0 (GCC) 
COLLECT_GCC_OPTIONS='-v' '-o' 'CMakeFiles/cmTC_79c41.dir/CMakeCCompilerABI.c.o' '-c' '-mtune=generic' '-march=x86-64' '-dumpdir' 'CMakeFiles/cmTC_79c41.dir/'
 /raven/u/system/soft/SLE_15/packages/x86_64/gcc/11.2.0/bin/../libexec/gcc/x86_64-pc-linux-gnu/11.2.0/cc1 -quiet -v -iprefix /raven/u/system/soft/SLE_15/packages/x86_64/gcc/11.2.0/bin/../lib/gcc/x86_64-pc-linux-gnu/11.2.0/ /usr/share/cmake/Modules/CMakeCCompilerABI.c -quiet -dumpdir CMakeFiles/cmTC_79c41.dir/ -dumpbase CMakeCCompilerABI.c.c -dumpbase-ext .c -mtune=generic -march=x86-64 -version -o /tmp/cclJ8zCC.s
GNU C17 (GCC) version 11.2.0 (x86_64-pc-linux-gnu)
	compiled by GNU C version 11.2.0, GMP version 6.1.2, MPFR version 4.0.1, MPC version 1.1.0, isl version isl-0.16.1-GMP

warning: MPFR header version 4.0.1 differs from library version 4.0.2-p6.
GGC heuristics: --param ggc-min-expand=100 --param ggc-min-heapsize=131072
ignoring nonexistent directory "/raven/u/system/soft/SLE_15/packages/x86_64/gcc/11.2.0/bin/../lib/gcc/x86_64-pc-linux-gnu/11.2.0/../../../../x86_64-pc-linux-gnu/include"
ignoring duplicate directory "/raven/u/system/soft/SLE_15/packages/x86_64/gcc/11.2.0/bin/../lib/gcc/../../lib/gcc/x86_64-pc-linux-gnu/11.2.0/include"
ignoring duplicate directory "/raven/u/system/soft/SLE_15/packages/x86_64/gcc/11.2.0/bin/../lib/gcc/../../lib/gcc/x86_64-pc-linux-gnu/11.2.0/include-fixed"
ignoring nonexistent directory "/raven/u/system/soft/SLE_15/packages/x86_64/gcc/11.2.0/bin/../lib/gcc/../../lib/gcc/x86_64-pc-linux-gnu/11.2.0/../../../../x86_64-pc-linux-gnu/include"
#include "..." search starts here:
#include <...> search starts here:
 /raven/u/system/soft/SLE_15/packages/x86_64/gcc/11.2.0/bin/../lib/gcc/x86_64-pc-linux-gnu/11.2.0/include
 /raven/u/system/soft/SLE_15/packages/x86_64/gcc/11.2.0/bin/../lib/gcc/x86_64-pc-linux-gnu/11.2.0/include-fixed
 /usr/local/include
 /raven/u/system/soft/SLE_15/packages/x86_64/gcc/11.2.0/bin/../lib/gcc/../../include
 /usr/include
End of search list.
GNU C17 (GCC) version 11.2.0 (x86_64-pc-linux-gnu)
	compiled by GNU C version 11.2.0, GMP version 6.1.2, MPFR version 4.0.1, MPC version 1.1.0, isl version isl-0.16.1-GMP

warning: MPFR header version 4.0.1 differs from library version 4.0.2-p6.
GGC heuristics: --param ggc-min-expand=100 --param ggc-min-heapsize=131072
Compiler executable checksum: fdf904b05f472188529fab7faf3e78e7
COLLECT_GCC_OPTIONS='-v' '-o' 'CMakeFiles/cmTC_79c41.dir/CMakeCCompilerABI.c.o' '-c' '-mtune=generic' '-march=x86-64' '-dumpdir' 'CMakeFiles/cmTC_79c41.dir/'
 as -v --64 -o CMakeFiles/cmTC_79c41.dir/CMakeCCompilerABI.c.o /tmp/cclJ8zCC.s
GNU assembler version 2.37 (x86_64-suse-linux) using BFD version (GNU Binutils; SUSE Linux Enterprise 15) 2.37.20211103-150100.7.34
COMPILER_PATH=/raven/u/system/soft/SLE_15/packages/x86_64/gcc/11.2.0/bin/../libexec/gcc/x86_64-pc-linux-gnu/11.2.0/:/raven/u/system/soft/SLE_15/packages/x86_64/gcc/11.2.0/bin/../libexec/gcc/
LIBRARY_PATH=/raven/u/system/soft/SLE_15/packages/x86_64/gcc/11.2.0/bin/../lib/gcc/x86_64-pc-linux-gnu/11.2.0/:/raven/u/system/soft/SLE_15/packages/x86_64/gcc/11.2.0/bin/../lib/gcc/:/raven/u/system/soft/SLE_15/packages/x86_64/gcc/11.2.0/bin/../lib/gcc/x86_64-pc-linux-gnu/11.2.0/../../../../lib64/:/lib/../lib64/:/usr/lib/../lib64/:/raven/u/system/soft/SLE_15/packages/x86_64/gcc/11.2.0/bin/../lib/gcc/x86_64-pc-linux-gnu/11.2.0/../../../:/lib/:/usr/lib/
COLLECT_GCC_OPTIONS='-v' '-o' 'CMakeFiles/cmTC_79c41.dir/CMakeCCompilerABI.c.o' '-c' '-mtune=generic' '-march=x86-64' '-dumpdir' 'CMakeFiles/cmTC_79c41.dir/CMakeCCompilerABI.c.'
Linking C executable cmTC_79c41
/usr/bin/cmake -E cmake_link_script CMakeFiles/cmTC_79c41.dir/link.txt --verbose=1
/mpcdf/soft/SLE_15/packages/x86_64/gcc/11.2.0/bin/gcc     -v CMakeFiles/cmTC_79c41.dir/CMakeCCompilerABI.c.o  -o cmTC_79c41 
Reading specs from /raven/u/system/soft/SLE_15/packages/x86_64/gcc/11.2.0/bin/../lib/gcc/x86_64-pc-linux-gnu/11.2.0/specs
COLLECT_GCC=/mpcdf/soft/SLE_15/packages/x86_64/gcc/11.2.0/bin/gcc
COLLECT_LTO_WRAPPER=/raven/u/system/soft/SLE_15/packages/x86_64/gcc/11.2.0/bin/../libexec/gcc/x86_64-pc-linux-gnu/11.2.0/lto-wrapper
Target: x86_64-pc-linux-gnu
Configured with: ../gcc-11.2.0/configure LDFLAGS='-fmessage-length=0 -grecord-gcc-switches -O2 -D_FORTIFY_SOURCE=2 -funwind-tables -fasynchronous-unwind-tables -fstack-clash-protection -U_FORTIFY_SOURCE -fPIC -Wno-error=format-security -Wl,-rpath=/mpcdf/soft/SLE_15/packages/x86_64/gcc/11.2.0/lib64 -L/mpcdf/soft/SLE_15/packages/x86_64/isl/0.16.1/lib -Wl,-rpath=/mpcdf/soft/SLE_15/packages/x86_64/isl/0.16.1/lib' CFLAGS='-fmessage-length=0 -grecord-gcc-switches -O2 -D_FORTIFY_SOURCE=2 -funwind-tables -fasynchronous-unwind-tables -fstack-clash-protection -U_FORTIFY_SOURCE -fPIC -Wno-error=format-security' CXXFLAGS='-fmessage-length=0 -grecord-gcc-switches -O2 -D_FORTIFY_SOURCE=2 -funwind-tables -fasynchronous-unwind-tables -fstack-clash-protection -U_FORTIFY_SOURCE -fPIC -Wno-error=format-security' XCFLAGS='-fmessage-length=0 -grecord-gcc-switches -O2 -D_FORTIFY_SOURCE=2 -funwind-tables -fasynchronous-unwind-tables -fstack-clash-protection -U_FORTIFY_SOURCE -fPIC -Wno-error=format-security' TCFLAGS='-fmessage-length=0 -grecord-gcc-switches -O2 -D_FORTIFY_SOURCE=2 -funwind-tables -fasynchronous-unwind-tables -fstack-clash-protection -U_FORTIFY_SOURCE -fPIC -Wno-error=format-security' GCJFLAGS='-fmessage-length=0 -grecord-gcc-switches -O2 -D_FORTIFY_SOURCE=2 -funwind-tables -fasynchronous-unwind-tables -fstack-clash-protection -U_FORTIFY_SOURCE -fPIC -Wno-error=format-security ' --with-stage1-ldflags='-fmessage-length=0 -grecord-gcc-switches -O2 -D_FORTIFY_SOURCE=2 -funwind-tables -fasynchronous-unwind-tables -fstack-clash-protection -U_FORTIFY_SOURCE -fPIC -Wno-error=format-security -Wl,-rpath=/mpcdf/soft/SLE_15/packages/x86_64/gcc/11.2.0/lib64 -L/mpcdf/soft/SLE_15/packages/x86_64/isl/0.16.1/lib -Wl,-rpath=/mpcdf/soft/SLE_15/packages/x86_64/isl/0.16.1/lib' --prefix=/mpcdf/soft/SLE_15/packages/x86_64/gcc/11.2.0 --disable-multilib --with-isl=/mpcdf/soft/SLE_15/packages/x86_64/isl/0.16.1 --enable-linker-build-id --enable-languages=c,c++,fortran
Thread model: posix
Supported LTO compression algorithms: zlib
gcc version 11.2.0 (GCC) 
COMPILER_PATH=/raven/u/system/soft/SLE_15/packages/x86_64/gcc/11.2.0/bin/../libexec/gcc/x86_64-pc-linux-gnu/11.2.0/:/raven/u/system/soft/SLE_15/packages/x86_64/gcc/11.2.0/bin/../libexec/gcc/
LIBRARY_PATH=/raven/u/system/soft/SLE_15/packages/x86_64/gcc/11.2.0/bin/../lib/gcc/x86_64-pc-linux-gnu/11.2.0/:/raven/u/system/soft/SLE_15/packages/x86_64/gcc/11.2.0/bin/../lib/gcc/:/raven/u/system/soft/SLE_15/packages/x86_64/gcc/11.2.0/bin/../lib/gcc/x86_64-pc-linux-gnu/11.2.0/../../../../lib64/:/lib/../lib64/:/usr/lib/../lib64/:/raven/u/system/soft/SLE_15/packages/x86_64/gcc/11.2.0/bin/../lib/gcc/x86_64-pc-linux-gnu/11.2.0/../../../:/lib/:/usr/lib/
COLLECT_GCC_OPTIONS='-v' '-o' 'cmTC_79c41' '-mtune=generic' '-march=x86-64' '-dumpdir' 'cmTC_79c41.'
 /raven/u/system/soft/SLE_15/packages/x86_64/gcc/11.2.0/bin/../libexec/gcc/x86_64-pc-linux-gnu/11.2.0/collect2 -plugin /raven/u/system/soft/SLE_15/packages/x86_64/gcc/11.2.0/bin/../libexec/gcc/x86_64-pc-linux-gnu/11.2.0/liblto_plugin.so -plugin-opt=/raven/u/system/soft/SLE_15/packages/x86_64/gcc/11.2.0/bin/../libexec/gcc/x86_64-pc-linux-gnu/11.2.0/lto-wrapper -plugin-opt=-fresolution=/tmp/cceVu2MI.res -plugin-opt=-pass-through=-lgcc -plugin-opt=-pass-through=-lgcc_s -plugin-opt=-pass-through=-lc -plugin-opt=-pass-through=-lgcc -plugin-opt=-pass-through=-lgcc_s --build-id --eh-frame-hdr -m elf_x86_64 -dynamic-linker /lib64/ld-linux-x86-64.so.2 -o cmTC_79c41 /usr/lib/../lib64/crt1.o /usr/lib/../lib64/crti.o /raven/u/system/soft/SLE_15/packages/x86_64/gcc/11.2.0/bin/../lib/gcc/x86_64-pc-linux-gnu/11.2.0/crtbegin.o -L/raven/u/system/soft/SLE_15/packages/x86_64/gcc/11.2.0/bin/../lib/gcc/x86_64-pc-linux-gnu/11.2.0 -L/raven/u/system/soft/SLE_15/packages/x86_64/gcc/11.2.0/bin/../lib/gcc -L/raven/u/system/soft/SLE_15/packages/x86_64/gcc/11.2.0/bin/../lib/gcc/x86_64-pc-linux-gnu/11.2.0/../../../../lib64 -L/lib/../lib64 -L/usr/lib/../lib64 -L/raven/u/system/soft/SLE_15/packages/x86_64/gcc/11.2.0/bin/../lib/gcc/x86_64-pc-linux-gnu/11.2.0/../../.. CMakeFiles/cmTC_79c41.dir/CMakeCCompilerABI.c.o -lgcc --push-state --as-needed -lgcc_s --pop-state -lc -rpath=/mpcdf/soft/SLE_15/packages/x86_64/gcc/11.2.0/lib64 -lgcc --push-state --as-needed -lgcc_s --pop-state /raven/u/system/soft/SLE_15/packages/x86_64/gcc/11.2.0/bin/../lib/gcc/x86_64-pc-linux-gnu/11.2.0/crtend.o /usr/lib/../lib64/crtn.o
COLLECT_GCC_OPTIONS='-v' '-o' 'cmTC_79c41' '-mtune=generic' '-march=x86-64' '-dumpdir' 'cmTC_79c41.'
gmake[1]: Leaving directory '/raven/u/saif/programm_installs/cppzmq/build/CMakeFiles/CMakeTmp'



Parsed C implicit include dir info from above output: rv=done
  found start of include info
  found start of implicit include info
    add: [/raven/u/system/soft/SLE_15/packages/x86_64/gcc/11.2.0/bin/../lib/gcc/x86_64-pc-linux-gnu/11.2.0/include]
    add: [/raven/u/system/soft/SLE_15/packages/x86_64/gcc/11.2.0/bin/../lib/gcc/x86_64-pc-linux-gnu/11.2.0/include-fixed]
    add: [/usr/local/include]
    add: [/raven/u/system/soft/SLE_15/packages/x86_64/gcc/11.2.0/bin/../lib/gcc/../../include]
    add: [/usr/include]
  end of search list found
  collapse include dir [/raven/u/system/soft/SLE_15/packages/x86_64/gcc/11.2.0/bin/../lib/gcc/x86_64-pc-linux-gnu/11.2.0/include] ==> [/u/system/soft/SLE_15/packages/x86_64/gcc/11.2.0/lib/gcc/x86_64-pc-linux-gnu/11.2.0/include]
  collapse include dir [/raven/u/system/soft/SLE_15/packages/x86_64/gcc/11.2.0/bin/../lib/gcc/x86_64-pc-linux-gnu/11.2.0/include-fixed] ==> [/u/system/soft/SLE_15/packages/x86_64/gcc/11.2.0/lib/gcc/x86_64-pc-linux-gnu/11.2.0/include-fixed]
  collapse include dir [/usr/local/include] ==> [/usr/local/include]
  collapse include dir [/raven/u/system/soft/SLE_15/packages/x86_64/gcc/11.2.0/bin/../lib/gcc/../../include] ==> [/u/system/soft/SLE_15/packages/x86_64/gcc/11.2.0/include]
  collapse include dir [/usr/include] ==> [/usr/include]
  implicit include dirs: [/u/system/soft/SLE_15/packages/x86_64/gcc/11.2.0/lib/gcc/x86_64-pc-linux-gnu/11.2.0/include;/u/system/soft/SLE_15/packages/x86_64/gcc/11.2.0/lib/gcc/x86_64-pc-linux-gnu/11.2.0/include-fixed;/usr/local/include;/u/system/soft/SLE_15/packages/x86_64/gcc/11.2.0/include;/usr/include]


Parsed C implicit link information from above output:
  link line regex: [^( *|.*[/\])(ld|CMAKE_LINK_STARTFILE-NOTFOUND|([^/\]+-)?ld|collect2)[^/\]*( |$)]
  ignore line: [Change Dir: /u/saif/programm_installs/cppzmq/build/CMakeFiles/CMakeTmp]
  ignore line: []
  ignore line: [Run Build Command(s):/usr/bin/gmake cmTC_79c41/fast && /usr/bin/gmake -f CMakeFiles/cmTC_79c41.dir/build.make CMakeFiles/cmTC_79c41.dir/build]
  ignore line: [gmake[1]: Entering directory '/raven/u/saif/programm_installs/cppzmq/build/CMakeFiles/CMakeTmp']
  ignore line: [Building C object CMakeFiles/cmTC_79c41.dir/CMakeCCompilerABI.c.o]
  ignore line: [/mpcdf/soft/SLE_15/packages/x86_64/gcc/11.2.0/bin/gcc   -v -o CMakeFiles/cmTC_79c41.dir/CMakeCCompilerABI.c.o   -c /usr/share/cmake/Modules/CMakeCCompilerABI.c]
  ignore line: [Reading specs from /raven/u/system/soft/SLE_15/packages/x86_64/gcc/11.2.0/bin/../lib/gcc/x86_64-pc-linux-gnu/11.2.0/specs]
  ignore line: [COLLECT_GCC=/mpcdf/soft/SLE_15/packages/x86_64/gcc/11.2.0/bin/gcc]
  ignore line: [Target: x86_64-pc-linux-gnu]
  ignore line: [Configured with: ../gcc-11.2.0/configure LDFLAGS='-fmessage-length=0 -grecord-gcc-switches -O2 -D_FORTIFY_SOURCE=2 -funwind-tables -fasynchronous-unwind-tables -fstack-clash-protection -U_FORTIFY_SOURCE -fPIC -Wno-error=format-security -Wl,-rpath=/mpcdf/soft/SLE_15/packages/x86_64/gcc/11.2.0/lib64 -L/mpcdf/soft/SLE_15/packages/x86_64/isl/0.16.1/lib -Wl,-rpath=/mpcdf/soft/SLE_15/packages/x86_64/isl/0.16.1/lib' CFLAGS='-fmessage-length=0 -grecord-gcc-switches -O2 -D_FORTIFY_SOURCE=2 -funwind-tables -fasynchronous-unwind-tables -fstack-clash-protection -U_FORTIFY_SOURCE -fPIC -Wno-error=format-security' CXXFLAGS='-fmessage-length=0 -grecord-gcc-switches -O2 -D_FORTIFY_SOURCE=2 -funwind-tables -fasynchronous-unwind-tables -fstack-clash-protection -U_FORTIFY_SOURCE -fPIC -Wno-error=format-security' XCFLAGS='-fmessage-length=0 -grecord-gcc-switches -O2 -D_FORTIFY_SOURCE=2 -funwind-tables -fasynchronous-unwind-tables -fstack-clash-protection -U_FORTIFY_SOURCE -fPIC -Wno-error=format-security' TCFLAGS='-fmessage-length=0 -grecord-gcc-switches -O2 -D_FORTIFY_SOURCE=2 -funwind-tables -fasynchronous-unwind-tables -fstack-clash-protection -U_FORTIFY_SOURCE -fPIC -Wno-error=format-security' GCJFLAGS='-fmessage-length=0 -grecord-gcc-switches -O2 -D_FORTIFY_SOURCE=2 -funwind-tables -fasynchronous-unwind-tables -fstack-clash-protection -U_FORTIFY_SOURCE -fPIC -Wno-error=format-security ' --with-stage1-ldflags='-fmessage-length=0 -grecord-gcc-switches -O2 -D_FORTIFY_SOURCE=2 -funwind-tables -fasynchronous-unwind-tables -fstack-clash-protection -U_FORTIFY_SOURCE -fPIC -Wno-error=format-security -Wl,-rpath=/mpcdf/soft/SLE_15/packages/x86_64/gcc/11.2.0/lib64 -L/mpcdf/soft/SLE_15/packages/x86_64/isl/0.16.1/lib -Wl,-rpath=/mpcdf/soft/SLE_15/packages/x86_64/isl/0.16.1/lib' --prefix=/mpcdf/soft/SLE_15/packages/x86_64/gcc/11.2.0 --disable-multilib --with-isl=/mpcdf/soft/SLE_15/packages/x86_64/isl/0.16.1 --enable-linker-build-id --enable-languages=c,c++,fortran]
  ignore line: [Thread model: posix]
  ignore line: [Supported LTO compression algorithms: zlib]
  ignore line: [gcc version 11.2.0 (GCC) ]
  ignore line: [COLLECT_GCC_OPTIONS='-v' '-o' 'CMakeFiles/cmTC_79c41.dir/CMakeCCompilerABI.c.o' '-c' '-mtune=generic' '-march=x86-64' '-dumpdir' 'CMakeFiles/cmTC_79c41.dir/']
  ignore line: [ /raven/u/system/soft/SLE_15/packages/x86_64/gcc/11.2.0/bin/../libexec/gcc/x86_64-pc-linux-gnu/11.2.0/cc1 -quiet -v -iprefix /raven/u/system/soft/SLE_15/packages/x86_64/gcc/11.2.0/bin/../lib/gcc/x86_64-pc-linux-gnu/11.2.0/ /usr/share/cmake/Modules/CMakeCCompilerABI.c -quiet -dumpdir CMakeFiles/cmTC_79c41.dir/ -dumpbase CMakeCCompilerABI.c.c -dumpbase-ext .c -mtune=generic -march=x86-64 -version -o /tmp/cclJ8zCC.s]
  ignore line: [GNU C17 (GCC) version 11.2.0 (x86_64-pc-linux-gnu)]
  ignore line: [	compiled by GNU C version 11.2.0  GMP version 6.1.2  MPFR version 4.0.1  MPC version 1.1.0  isl version isl-0.16.1-GMP]
  ignore line: []
  ignore line: [warning: MPFR header version 4.0.1 differs from library version 4.0.2-p6.]
  ignore line: [GGC heuristics: --param ggc-min-expand=100 --param ggc-min-heapsize=131072]
  ignore line: [ignoring nonexistent directory "/raven/u/system/soft/SLE_15/packages/x86_64/gcc/11.2.0/bin/../lib/gcc/x86_64-pc-linux-gnu/11.2.0/../../../../x86_64-pc-linux-gnu/include"]
  ignore line: [ignoring duplicate directory "/raven/u/system/soft/SLE_15/packages/x86_64/gcc/11.2.0/bin/../lib/gcc/../../lib/gcc/x86_64-pc-linux-gnu/11.2.0/include"]
  ignore line: [ignoring duplicate directory "/raven/u/system/soft/SLE_15/packages/x86_64/gcc/11.2.0/bin/../lib/gcc/../../lib/gcc/x86_64-pc-linux-gnu/11.2.0/include-fixed"]
  ignore line: [ignoring nonexistent directory "/raven/u/system/soft/SLE_15/packages/x86_64/gcc/11.2.0/bin/../lib/gcc/../../lib/gcc/x86_64-pc-linux-gnu/11.2.0/../../../../x86_64-pc-linux-gnu/include"]
  ignore line: [#include "..." search starts here:]
  ignore line: [#include <...> search starts here:]
  ignore line: [ /raven/u/system/soft/SLE_15/packages/x86_64/gcc/11.2.0/bin/../lib/gcc/x86_64-pc-linux-gnu/11.2.0/include]
  ignore line: [ /raven/u/system/soft/SLE_15/packages/x86_64/gcc/11.2.0/bin/../lib/gcc/x86_64-pc-linux-gnu/11.2.0/include-fixed]
  ignore line: [ /usr/local/include]
  ignore line: [ /raven/u/system/soft/SLE_15/packages/x86_64/gcc/11.2.0/bin/../lib/gcc/../../include]
  ignore line: [ /usr/include]
  ignore line: [End of search list.]
  ignore line: [GNU C17 (GCC) version 11.2.0 (x86_64-pc-linux-gnu)]
  ignore line: [	compiled by GNU C version 11.2.0  GMP version 6.1.2  MPFR version 4.0.1  MPC version 1.1.0  isl version isl-0.16.1-GMP]
  ignore line: []
  ignore line: [warning: MPFR header version 4.0.1 differs from library version 4.0.2-p6.]
  ignore line: [GGC heuristics: --param ggc-min-expand=100 --param ggc-min-heapsize=131072]
  ignore line: [Compiler executable checksum: fdf904b05f472188529fab7faf3e78e7]
  ignore line: [COLLECT_GCC_OPTIONS='-v' '-o' 'CMakeFiles/cmTC_79c41.dir/CMakeCCompilerABI.c.o' '-c' '-mtune=generic' '-march=x86-64' '-dumpdir' 'CMakeFiles/cmTC_79c41.dir/']
  ignore line: [ as -v --64 -o CMakeFiles/cmTC_79c41.dir/CMakeCCompilerABI.c.o /tmp/cclJ8zCC.s]
  ignore line: [GNU assembler version 2.37 (x86_64-suse-linux) using BFD version (GNU Binutils]
  ignore line: [ SUSE Linux Enterprise 15) 2.37.20211103-150100.7.34]
  ignore line: [COMPILER_PATH=/raven/u/system/soft/SLE_15/packages/x86_64/gcc/11.2.0/bin/../libexec/gcc/x86_64-pc-linux-gnu/11.2.0/:/raven/u/system/soft/SLE_15/packages/x86_64/gcc/11.2.0/bin/../libexec/gcc/]
  ignore line: [LIBRARY_PATH=/raven/u/system/soft/SLE_15/packages/x86_64/gcc/11.2.0/bin/../lib/gcc/x86_64-pc-linux-gnu/11.2.0/:/raven/u/system/soft/SLE_15/packages/x86_64/gcc/11.2.0/bin/../lib/gcc/:/raven/u/system/soft/SLE_15/packages/x86_64/gcc/11.2.0/bin/../lib/gcc/x86_64-pc-linux-gnu/11.2.0/../../../../lib64/:/lib/../lib64/:/usr/lib/../lib64/:/raven/u/system/soft/SLE_15/packages/x86_64/gcc/11.2.0/bin/../lib/gcc/x86_64-pc-linux-gnu/11.2.0/../../../:/lib/:/usr/lib/]
  ignore line: [COLLECT_GCC_OPTIONS='-v' '-o' 'CMakeFiles/cmTC_79c41.dir/CMakeCCompilerABI.c.o' '-c' '-mtune=generic' '-march=x86-64' '-dumpdir' 'CMakeFiles/cmTC_79c41.dir/CMakeCCompilerABI.c.']
  ignore line: [Linking C executable cmTC_79c41]
  ignore line: [/usr/bin/cmake -E cmake_link_script CMakeFiles/cmTC_79c41.dir/link.txt --verbose=1]
  ignore line: [/mpcdf/soft/SLE_15/packages/x86_64/gcc/11.2.0/bin/gcc     -v CMakeFiles/cmTC_79c41.dir/CMakeCCompilerABI.c.o  -o cmTC_79c41 ]
  ignore line: [Reading specs from /raven/u/system/soft/SLE_15/packages/x86_64/gcc/11.2.0/bin/../lib/gcc/x86_64-pc-linux-gnu/11.2.0/specs]
  ignore line: [COLLECT_GCC=/mpcdf/soft/SLE_15/packages/x86_64/gcc/11.2.0/bin/gcc]
  ignore line: [COLLECT_LTO_WRAPPER=/raven/u/system/soft/SLE_15/packages/x86_64/gcc/11.2.0/bin/../libexec/gcc/x86_64-pc-linux-gnu/11.2.0/lto-wrapper]
  ignore line: [Target: x86_64-pc-linux-gnu]
  ignore line: [Configured with: ../gcc-11.2.0/configure LDFLAGS='-fmessage-length=0 -grecord-gcc-switches -O2 -D_FORTIFY_SOURCE=2 -funwind-tables -fasynchronous-unwind-tables -fstack-clash-protection -U_FORTIFY_SOURCE -fPIC -Wno-error=format-security -Wl,-rpath=/mpcdf/soft/SLE_15/packages/x86_64/gcc/11.2.0/lib64 -L/mpcdf/soft/SLE_15/packages/x86_64/isl/0.16.1/lib -Wl,-rpath=/mpcdf/soft/SLE_15/packages/x86_64/isl/0.16.1/lib' CFLAGS='-fmessage-length=0 -grecord-gcc-switches -O2 -D_FORTIFY_SOURCE=2 -funwind-tables -fasynchronous-unwind-tables -fstack-clash-protection -U_FORTIFY_SOURCE -fPIC -Wno-error=format-security' CXXFLAGS='-fmessage-length=0 -grecord-gcc-switches -O2 -D_FORTIFY_SOURCE=2 -funwind-tables -fasynchronous-unwind-tables -fstack-clash-protection -U_FORTIFY_SOURCE -fPIC -Wno-error=format-security' XCFLAGS='-fmessage-length=0 -grecord-gcc-switches -O2 -D_FORTIFY_SOURCE=2 -funwind-tables -fasynchronous-unwind-tables -fstack-clash-protection -U_FORTIFY_SOURCE -fPIC -Wno-error=format-security' TCFLAGS='-fmessage-length=0 -grecord-gcc-switches -O2 -D_FORTIFY_SOURCE=2 -funwind-tables -fasynchronous-unwind-tables -fstack-clash-protection -U_FORTIFY_SOURCE -fPIC -Wno-error=format-security' GCJFLAGS='-fmessage-length=0 -grecord-gcc-switches -O2 -D_FORTIFY_SOURCE=2 -funwind-tables -fasynchronous-unwind-tables -fstack-clash-protection -U_FORTIFY_SOURCE -fPIC -Wno-error=format-security ' --with-stage1-ldflags='-fmessage-length=0 -grecord-gcc-switches -O2 -D_FORTIFY_SOURCE=2 -funwind-tables -fasynchronous-unwind-tables -fstack-clash-protection -U_FORTIFY_SOURCE -fPIC -Wno-error=format-security -Wl,-rpath=/mpcdf/soft/SLE_15/packages/x86_64/gcc/11.2.0/lib64 -L/mpcdf/soft/SLE_15/packages/x86_64/isl/0.16.1/lib -Wl,-rpath=/mpcdf/soft/SLE_15/packages/x86_64/isl/0.16.1/lib' --prefix=/mpcdf/soft/SLE_15/packages/x86_64/gcc/11.2.0 --disable-multilib --with-isl=/mpcdf/soft/SLE_15/packages/x86_64/isl/0.16.1 --enable-linker-build-id --enable-languages=c,c++,fortran]
  ignore line: [Thread model: posix]
  ignore line: [Supported LTO compression algorithms: zlib]
  ignore line: [gcc version 11.2.0 (GCC) ]
  ignore line: [COMPILER_PATH=/raven/u/system/soft/SLE_15/packages/x86_64/gcc/11.2.0/bin/../libexec/gcc/x86_64-pc-linux-gnu/11.2.0/:/raven/u/system/soft/SLE_15/packages/x86_64/gcc/11.2.0/bin/../libexec/gcc/]
  ignore line: [LIBRARY_PATH=/raven/u/system/soft/SLE_15/packages/x86_64/gcc/11.2.0/bin/../lib/gcc/x86_64-pc-linux-gnu/11.2.0/:/raven/u/system/soft/SLE_15/packages/x86_64/gcc/11.2.0/bin/../lib/gcc/:/raven/u/system/soft/SLE_15/packages/x86_64/gcc/11.2.0/bin/../lib/gcc/x86_64-pc-linux-gnu/11.2.0/../../../../lib64/:/lib/../lib64/:/usr/lib/../lib64/:/raven/u/system/soft/SLE_15/packages/x86_64/gcc/11.2.0/bin/../lib/gcc/x86_64-pc-linux-gnu/11.2.0/../../../:/lib/:/usr/lib/]
  ignore line: [COLLECT_GCC_OPTIONS='-v' '-o' 'cmTC_79c41' '-mtune=generic' '-march=x86-64' '-dumpdir' 'cmTC_79c41.']
  link line: [ /raven/u/system/soft/SLE_15/packages/x86_64/gcc/11.2.0/bin/../libexec/gcc/x86_64-pc-linux-gnu/11.2.0/collect2 -plugin /raven/u/system/soft/SLE_15/packages/x86_64/gcc/11.2.0/bin/../libexec/gcc/x86_64-pc-linux-gnu/11.2.0/liblto_plugin.so -plugin-opt=/raven/u/system/soft/SLE_15/packages/x86_64/gcc/11.2.0/bin/../libexec/gcc/x86_64-pc-linux-gnu/11.2.0/lto-wrapper -plugin-opt=-fresolution=/tmp/cceVu2MI.res -plugin-opt=-pass-through=-lgcc -plugin-opt=-pass-through=-lgcc_s -plugin-opt=-pass-through=-lc -plugin-opt=-pass-through=-lgcc -plugin-opt=-pass-through=-lgcc_s --build-id --eh-frame-hdr -m elf_x86_64 -dynamic-linker /lib64/ld-linux-x86-64.so.2 -o cmTC_79c41 /usr/lib/../lib64/crt1.o /usr/lib/../lib64/crti.o /raven/u/system/soft/SLE_15/packages/x86_64/gcc/11.2.0/bin/../lib/gcc/x86_64-pc-linux-gnu/11.2.0/crtbegin.o -L/raven/u/system/soft/SLE_15/packages/x86_64/gcc/11.2.0/bin/../lib/gcc/x86_64-pc-linux-gnu/11.2.0 -L/raven/u/system/soft/SLE_15/packages/x86_64/gcc/11.2.0/bin/../lib/gcc -L/raven/u/system/soft/SLE_15/packages/x86_64/gcc/11.2.0/bin/../lib/gcc/x86_64-pc-linux-gnu/11.2.0/../../../../lib64 -L/lib/../lib64 -L/usr/lib/../lib64 -L/raven/u/system/soft/SLE_15/packages/x86_64/gcc/11.2.0/bin/../lib/gcc/x86_64-pc-linux-gnu/11.2.0/../../.. CMakeFiles/cmTC_79c41.dir/CMakeCCompilerABI.c.o -lgcc --push-state --as-needed -lgcc_s --pop-state -lc -rpath=/mpcdf/soft/SLE_15/packages/x86_64/gcc/11.2.0/lib64 -lgcc --push-state --as-needed -lgcc_s --pop-state /raven/u/system/soft/SLE_15/packages/x86_64/gcc/11.2.0/bin/../lib/gcc/x86_64-pc-linux-gnu/11.2.0/crtend.o /usr/lib/../lib64/crtn.o]
    arg [/raven/u/system/soft/SLE_15/packages/x86_64/gcc/11.2.0/bin/../libexec/gcc/x86_64-pc-linux-gnu/11.2.0/collect2] ==> ignore
    arg [-plugin] ==> ignore
    arg [/raven/u/system/soft/SLE_15/packages/x86_64/gcc/11.2.0/bin/../libexec/gcc/x86_64-pc-linux-gnu/11.2.0/liblto_plugin.so] ==> ignore
    arg [-plugin-opt=/raven/u/system/soft/SLE_15/packages/x86_64/gcc/11.2.0/bin/../libexec/gcc/x86_64-pc-linux-gnu/11.2.0/lto-wrapper] ==> ignore
    arg [-plugin-opt=-fresolution=/tmp/cceVu2MI.res] ==> ignore
    arg [-plugin-opt=-pass-through=-lgcc] ==> ignore
    arg [-plugin-opt=-pass-through=-lgcc_s] ==> ignore
    arg [-plugin-opt=-pass-through=-lc] ==> ignore
    arg [-plugin-opt=-pass-through=-lgcc] ==> ignore
    arg [-plugin-opt=-pass-through=-lgcc_s] ==> ignore
    arg [--build-id] ==> ignore
    arg [--eh-frame-hdr] ==> ignore
    arg [-m] ==> ignore
    arg [elf_x86_64] ==> ignore
    arg [-dynamic-linker] ==> ignore
    arg [/lib64/ld-linux-x86-64.so.2] ==> ignore
    arg [-o] ==> ignore
    arg [cmTC_79c41] ==> ignore
    arg [/usr/lib/../lib64/crt1.o] ==> ignore
    arg [/usr/lib/../lib64/crti.o] ==> ignore
    arg [/raven/u/system/soft/SLE_15/packages/x86_64/gcc/11.2.0/bin/../lib/gcc/x86_64-pc-linux-gnu/11.2.0/crtbegin.o] ==> ignore
    arg [-L/raven/u/system/soft/SLE_15/packages/x86_64/gcc/11.2.0/bin/../lib/gcc/x86_64-pc-linux-gnu/11.2.0] ==> dir [/raven/u/system/soft/SLE_15/packages/x86_64/gcc/11.2.0/bin/../lib/gcc/x86_64-pc-linux-gnu/11.2.0]
    arg [-L/raven/u/system/soft/SLE_15/packages/x86_64/gcc/11.2.0/bin/../lib/gcc] ==> dir [/raven/u/system/soft/SLE_15/packages/x86_64/gcc/11.2.0/bin/../lib/gcc]
    arg [-L/raven/u/system/soft/SLE_15/packages/x86_64/gcc/11.2.0/bin/../lib/gcc/x86_64-pc-linux-gnu/11.2.0/../../../../lib64] ==> dir [/raven/u/system/soft/SLE_15/packages/x86_64/gcc/11.2.0/bin/../lib/gcc/x86_64-pc-linux-gnu/11.2.0/../../../../lib64]
    arg [-L/lib/../lib64] ==> dir [/lib/../lib64]
    arg [-L/usr/lib/../lib64] ==> dir [/usr/lib/../lib64]
    arg [-L/raven/u/system/soft/SLE_15/packages/x86_64/gcc/11.2.0/bin/../lib/gcc/x86_64-pc-linux-gnu/11.2.0/../../..] ==> dir [/raven/u/system/soft/SLE_15/packages/x86_64/gcc/11.2.0/bin/../lib/gcc/x86_64-pc-linux-gnu/11.2.0/../../..]
    arg [CMakeFiles/cmTC_79c41.dir/CMakeCCompilerABI.c.o] ==> ignore
    arg [-lgcc] ==> lib [gcc]
    arg [--push-state] ==> ignore
    arg [--as-needed] ==> ignore
    arg [-lgcc_s] ==> lib [gcc_s]
    arg [--pop-state] ==> ignore
    arg [-lc] ==> lib [c]
    arg [-rpath=/mpcdf/soft/SLE_15/packages/x86_64/gcc/11.2.0/lib64] ==> ignore
    arg [-lgcc] ==> lib [gcc]
    arg [--push-state] ==> ignore
    arg [--as-needed] ==> ignore
    arg [-lgcc_s] ==> lib [gcc_s]
    arg [--pop-state] ==> ignore
    arg [/raven/u/system/soft/SLE_15/packages/x86_64/gcc/11.2.0/bin/../lib/gcc/x86_64-pc-linux-gnu/11.2.0/crtend.o] ==> ignore
    arg [/usr/lib/../lib64/crtn.o] ==> ignore
  collapse library dir [/raven/u/system/soft/SLE_15/packages/x86_64/gcc/11.2.0/bin/../lib/gcc/x86_64-pc-linux-gnu/11.2.0] ==> [/u/system/soft/SLE_15/packages/x86_64/gcc/11.2.0/lib/gcc/x86_64-pc-linux-gnu/11.2.0]
  collapse library dir [/raven/u/system/soft/SLE_15/packages/x86_64/gcc/11.2.0/bin/../lib/gcc] ==> [/u/system/soft/SLE_15/packages/x86_64/gcc/11.2.0/lib/gcc]
  collapse library dir [/raven/u/system/soft/SLE_15/packages/x86_64/gcc/11.2.0/bin/../lib/gcc/x86_64-pc-linux-gnu/11.2.0/../../../../lib64] ==> [/u/system/soft/SLE_15/packages/x86_64/gcc/11.2.0/lib64]
  collapse library dir [/lib/../lib64] ==> [/lib64]
  collapse library dir [/usr/lib/../lib64] ==> [/usr/lib64]
  collapse library dir [/raven/u/system/soft/SLE_15/packages/x86_64/gcc/11.2.0/bin/../lib/gcc/x86_64-pc-linux-gnu/11.2.0/../../..] ==> [/u/system/soft/SLE_15/packages/x86_64/gcc/11.2.0/lib]
  implicit libs: [gcc;gcc_s;c;gcc;gcc_s]
  implicit dirs: [/u/system/soft/SLE_15/packages/x86_64/gcc/11.2.0/lib/gcc/x86_64-pc-linux-gnu/11.2.0;/u/system/soft/SLE_15/packages/x86_64/gcc/11.2.0/lib/gcc;/u/system/soft/SLE_15/packages/x86_64/gcc/11.2.0/lib64;/lib64;/usr/lib64;/u/system/soft/SLE_15/packages/x86_64/gcc/11.2.0/lib]
  implicit fwks: []


Determining if the CXX compiler works passed with the following output:
Change Dir: /u/saif/programm_installs/cppzmq/build/CMakeFiles/CMakeTmp

Run Build Command(s):/usr/bin/gmake cmTC_35258/fast && /usr/bin/gmake -f CMakeFiles/cmTC_35258.dir/build.make CMakeFiles/cmTC_35258.dir/build
gmake[1]: Entering directory '/raven/u/saif/programm_installs/cppzmq/build/CMakeFiles/CMakeTmp'
Building CXX object CMakeFiles/cmTC_35258.dir/testCXXCompiler.cxx.o
/mpcdf/soft/SLE_15/packages/x86_64/gcc/11.2.0/bin/g++     -o CMakeFiles/cmTC_35258.dir/testCXXCompiler.cxx.o -c /u/saif/programm_installs/cppzmq/build/CMakeFiles/CMakeTmp/testCXXCompiler.cxx
Linking CXX executable cmTC_35258
/usr/bin/cmake -E cmake_link_script CMakeFiles/cmTC_35258.dir/link.txt --verbose=1
/mpcdf/soft/SLE_15/packages/x86_64/gcc/11.2.0/bin/g++       CMakeFiles/cmTC_35258.dir/testCXXCompiler.cxx.o  -o cmTC_35258 
gmake[1]: Leaving directory '/raven/u/saif/programm_installs/cppzmq/build/CMakeFiles/CMakeTmp'



Detecting CXX compiler ABI info compiled with the following output:
Change Dir: /u/saif/programm_installs/cppzmq/build/CMakeFiles/CMakeTmp

Run Build Command(s):/usr/bin/gmake cmTC_c7119/fast && /usr/bin/gmake -f CMakeFiles/cmTC_c7119.dir/build.make CMakeFiles/cmTC_c7119.dir/build
gmake[1]: Entering directory '/raven/u/saif/programm_installs/cppzmq/build/CMakeFiles/CMakeTmp'
Building CXX object CMakeFiles/cmTC_c7119.dir/CMakeCXXCompilerABI.cpp.o
/mpcdf/soft/SLE_15/packages/x86_64/gcc/11.2.0/bin/g++    -v -o CMakeFiles/cmTC_c7119.dir/CMakeCXXCompilerABI.cpp.o -c /usr/share/cmake/Modules/CMakeCXXCompilerABI.cpp
Reading specs from /raven/u/system/soft/SLE_15/packages/x86_64/gcc/11.2.0/bin/../lib/gcc/x86_64-pc-linux-gnu/11.2.0/specs
COLLECT_GCC=/mpcdf/soft/SLE_15/packages/x86_64/gcc/11.2.0/bin/g++
Target: x86_64-pc-linux-gnu
Configured with: ../gcc-11.2.0/configure LDFLAGS='-fmessage-length=0 -grecord-gcc-switches -O2 -D_FORTIFY_SOURCE=2 -funwind-tables -fasynchronous-unwind-tables -fstack-clash-protection -U_FORTIFY_SOURCE -fPIC -Wno-error=format-security -Wl,-rpath=/mpcdf/soft/SLE_15/packages/x86_64/gcc/11.2.0/lib64 -L/mpcdf/soft/SLE_15/packages/x86_64/isl/0.16.1/lib -Wl,-rpath=/mpcdf/soft/SLE_15/packages/x86_64/isl/0.16.1/lib' CFLAGS='-fmessage-length=0 -grecord-gcc-switches -O2 -D_FORTIFY_SOURCE=2 -funwind-tables -fasynchronous-unwind-tables -fstack-clash-protection -U_FORTIFY_SOURCE -fPIC -Wno-error=format-security' CXXFLAGS='-fmessage-length=0 -grecord-gcc-switches -O2 -D_FORTIFY_SOURCE=2 -funwind-tables -fasynchronous-unwind-tables -fstack-clash-protection -U_FORTIFY_SOURCE -fPIC -Wno-error=format-security' XCFLAGS='-fmessage-length=0 -grecord-gcc-switches -O2 -D_FORTIFY_SOURCE=2 -funwind-tables -fasynchronous-unwind-tables -fstack-clash-protection -U_FORTIFY_SOURCE -fPIC -Wno-error=format-security' TCFLAGS='-fmessage-length=0 -grecord-gcc-switches -O2 -D_FORTIFY_SOURCE=2 -funwind-tables -fasynchronous-unwind-tables -fstack-clash-protection -U_FORTIFY_SOURCE -fPIC -Wno-error=format-security' GCJFLAGS='-fmessage-length=0 -grecord-gcc-switches -O2 -D_FORTIFY_SOURCE=2 -funwind-tables -fasynchronous-unwind-tables -fstack-clash-protection -U_FORTIFY_SOURCE -fPIC -Wno-error=format-security ' --with-stage1-ldflags='-fmessage-length=0 -grecord-gcc-switches -O2 -D_FORTIFY_SOURCE=2 -funwind-tables -fasynchronous-unwind-tables -fstack-clash-protection -U_FORTIFY_SOURCE -fPIC -Wno-error=format-security -Wl,-rpath=/mpcdf/soft/SLE_15/packages/x86_64/gcc/11.2.0/lib64 -L/mpcdf/soft/SLE_15/packages/x86_64/isl/0.16.1/lib -Wl,-rpath=/mpcdf/soft/SLE_15/packages/x86_64/isl/0.16.1/lib' --prefix=/mpcdf/soft/SLE_15/packages/x86_64/gcc/11.2.0 --disable-multilib --with-isl=/mpcdf/soft/SLE_15/packages/x86_64/isl/0.16.1 --enable-linker-build-id --enable-languages=c,c++,fortran
Thread model: posix
Supported LTO compression algorithms: zlib
gcc version 11.2.0 (GCC) 
COLLECT_GCC_OPTIONS='-v' '-o' 'CMakeFiles/cmTC_c7119.dir/CMakeCXXCompilerABI.cpp.o' '-c' '-shared-libgcc' '-mtune=generic' '-march=x86-64' '-dumpdir' 'CMakeFiles/cmTC_c7119.dir/'
 /raven/u/system/soft/SLE_15/packages/x86_64/gcc/11.2.0/bin/../libexec/gcc/x86_64-pc-linux-gnu/11.2.0/cc1plus -quiet -v -iprefix /raven/u/system/soft/SLE_15/packages/x86_64/gcc/11.2.0/bin/../lib/gcc/x86_64-pc-linux-gnu/11.2.0/ -D_GNU_SOURCE /usr/share/cmake/Modules/CMakeCXXCompilerABI.cpp -quiet -dumpdir CMakeFiles/cmTC_c7119.dir/ -dumpbase CMakeCXXCompilerABI.cpp.cpp -dumpbase-ext .cpp -mtune=generic -march=x86-64 -version -o /tmp/cchghyJt.s
GNU C++17 (GCC) version 11.2.0 (x86_64-pc-linux-gnu)
	compiled by GNU C version 11.2.0, GMP version 6.1.2, MPFR version 4.0.1, MPC version 1.1.0, isl version isl-0.16.1-GMP

warning: MPFR header version 4.0.1 differs from library version 4.0.2-p6.
GGC heuristics: --param ggc-min-expand=100 --param ggc-min-heapsize=131072
ignoring nonexistent directory "/raven/u/system/soft/SLE_15/packages/x86_64/gcc/11.2.0/bin/../lib/gcc/x86_64-pc-linux-gnu/11.2.0/../../../../x86_64-pc-linux-gnu/include"
ignoring duplicate directory "/raven/u/system/soft/SLE_15/packages/x86_64/gcc/11.2.0/bin/../lib/gcc/../../lib/gcc/x86_64-pc-linux-gnu/11.2.0/../../../../include/c++/11.2.0"
ignoring duplicate directory "/raven/u/system/soft/SLE_15/packages/x86_64/gcc/11.2.0/bin/../lib/gcc/../../lib/gcc/x86_64-pc-linux-gnu/11.2.0/../../../../include/c++/11.2.0/x86_64-pc-linux-gnu"
ignoring duplicate directory "/raven/u/system/soft/SLE_15/packages/x86_64/gcc/11.2.0/bin/../lib/gcc/../../lib/gcc/x86_64-pc-linux-gnu/11.2.0/../../../../include/c++/11.2.0/backward"
ignoring duplicate directory "/raven/u/system/soft/SLE_15/packages/x86_64/gcc/11.2.0/bin/../lib/gcc/../../lib/gcc/x86_64-pc-linux-gnu/11.2.0/include"
ignoring duplicate directory "/raven/u/system/soft/SLE_15/packages/x86_64/gcc/11.2.0/bin/../lib/gcc/../../lib/gcc/x86_64-pc-linux-gnu/11.2.0/include-fixed"
ignoring nonexistent directory "/raven/u/system/soft/SLE_15/packages/x86_64/gcc/11.2.0/bin/../lib/gcc/../../lib/gcc/x86_64-pc-linux-gnu/11.2.0/../../../../x86_64-pc-linux-gnu/include"
#include "..." search starts here:
#include <...> search starts here:
 /raven/u/system/soft/SLE_15/packages/x86_64/gcc/11.2.0/bin/../lib/gcc/x86_64-pc-linux-gnu/11.2.0/../../../../include/c++/11.2.0
 /raven/u/system/soft/SLE_15/packages/x86_64/gcc/11.2.0/bin/../lib/gcc/x86_64-pc-linux-gnu/11.2.0/../../../../include/c++/11.2.0/x86_64-pc-linux-gnu
 /raven/u/system/soft/SLE_15/packages/x86_64/gcc/11.2.0/bin/../lib/gcc/x86_64-pc-linux-gnu/11.2.0/../../../../include/c++/11.2.0/backward
 /raven/u/system/soft/SLE_15/packages/x86_64/gcc/11.2.0/bin/../lib/gcc/x86_64-pc-linux-gnu/11.2.0/include
 /raven/u/system/soft/SLE_15/packages/x86_64/gcc/11.2.0/bin/../lib/gcc/x86_64-pc-linux-gnu/11.2.0/include-fixed
 /usr/local/include
 /raven/u/system/soft/SLE_15/packages/x86_64/gcc/11.2.0/bin/../lib/gcc/../../include
 /usr/include
End of search list.
GNU C++17 (GCC) version 11.2.0 (x86_64-pc-linux-gnu)
	compiled by GNU C version 11.2.0, GMP version 6.1.2, MPFR version 4.0.1, MPC version 1.1.0, isl version isl-0.16.1-GMP

warning: MPFR header version 4.0.1 differs from library version 4.0.2-p6.
GGC heuristics: --param ggc-min-expand=100 --param ggc-min-heapsize=131072
Compiler executable checksum: f8d5f2a139bfd6763cf06812735bedeb
COLLECT_GCC_OPTIONS='-v' '-o' 'CMakeFiles/cmTC_c7119.dir/CMakeCXXCompilerABI.cpp.o' '-c' '-shared-libgcc' '-mtune=generic' '-march=x86-64' '-dumpdir' 'CMakeFiles/cmTC_c7119.dir/'
 as -v --64 -o CMakeFiles/cmTC_c7119.dir/CMakeCXXCompilerABI.cpp.o /tmp/cchghyJt.s
GNU assembler version 2.37 (x86_64-suse-linux) using BFD version (GNU Binutils; SUSE Linux Enterprise 15) 2.37.20211103-150100.7.34
COMPILER_PATH=/raven/u/system/soft/SLE_15/packages/x86_64/gcc/11.2.0/bin/../libexec/gcc/x86_64-pc-linux-gnu/11.2.0/:/raven/u/system/soft/SLE_15/packages/x86_64/gcc/11.2.0/bin/../libexec/gcc/
LIBRARY_PATH=/raven/u/system/soft/SLE_15/packages/x86_64/gcc/11.2.0/bin/../lib/gcc/x86_64-pc-linux-gnu/11.2.0/:/raven/u/system/soft/SLE_15/packages/x86_64/gcc/11.2.0/bin/../lib/gcc/:/raven/u/system/soft/SLE_15/packages/x86_64/gcc/11.2.0/bin/../lib/gcc/x86_64-pc-linux-gnu/11.2.0/../../../../lib64/:/lib/../lib64/:/usr/lib/../lib64/:/raven/u/system/soft/SLE_15/packages/x86_64/gcc/11.2.0/bin/../lib/gcc/x86_64-pc-linux-gnu/11.2.0/../../../:/lib/:/usr/lib/
COLLECT_GCC_OPTIONS='-v' '-o' 'CMakeFiles/cmTC_c7119.dir/CMakeCXXCompilerABI.cpp.o' '-c' '-shared-libgcc' '-mtune=generic' '-march=x86-64' '-dumpdir' 'CMakeFiles/cmTC_c7119.dir/CMakeCXXCompilerABI.cpp.'
Linking CXX executable cmTC_c7119
/usr/bin/cmake -E cmake_link_script CMakeFiles/cmTC_c7119.dir/link.txt --verbose=1
/mpcdf/soft/SLE_15/packages/x86_64/gcc/11.2.0/bin/g++      -v CMakeFiles/cmTC_c7119.dir/CMakeCXXCompilerABI.cpp.o  -o cmTC_c7119 
Reading specs from /raven/u/system/soft/SLE_15/packages/x86_64/gcc/11.2.0/bin/../lib/gcc/x86_64-pc-linux-gnu/11.2.0/specs
COLLECT_GCC=/mpcdf/soft/SLE_15/packages/x86_64/gcc/11.2.0/bin/g++
COLLECT_LTO_WRAPPER=/raven/u/system/soft/SLE_15/packages/x86_64/gcc/11.2.0/bin/../libexec/gcc/x86_64-pc-linux-gnu/11.2.0/lto-wrapper
Target: x86_64-pc-linux-gnu
Configured with: ../gcc-11.2.0/configure LDFLAGS='-fmessage-length=0 -grecord-gcc-switches -O2 -D_FORTIFY_SOURCE=2 -funwind-tables -fasynchronous-unwind-tables -fstack-clash-protection -U_FORTIFY_SOURCE -fPIC -Wno-error=format-security -Wl,-rpath=/mpcdf/soft/SLE_15/packages/x86_64/gcc/11.2.0/lib64 -L/mpcdf/soft/SLE_15/packages/x86_64/isl/0.16.1/lib -Wl,-rpath=/mpcdf/soft/SLE_15/packages/x86_64/isl/0.16.1/lib' CFLAGS='-fmessage-length=0 -grecord-gcc-switches -O2 -D_FORTIFY_SOURCE=2 -funwind-tables -fasynchronous-unwind-tables -fstack-clash-protection -U_FORTIFY_SOURCE -fPIC -Wno-error=format-security' CXXFLAGS='-fmessage-length=0 -grecord-gcc-switches -O2 -D_FORTIFY_SOURCE=2 -funwind-tables -fasynchronous-unwind-tables -fstack-clash-protection -U_FORTIFY_SOURCE -fPIC -Wno-error=format-security' XCFLAGS='-fmessage-length=0 -grecord-gcc-switches -O2 -D_FORTIFY_SOURCE=2 -funwind-tables -fasynchronous-unwind-tables -fstack-clash-protection -U_FORTIFY_SOURCE -fPIC -Wno-error=format-security' TCFLAGS='-fmessage-length=0 -grecord-gcc-switches -O2 -D_FORTIFY_SOURCE=2 -funwind-tables -fasynchronous-unwind-tables -fstack-clash-protection -U_FORTIFY_SOURCE -fPIC -Wno-error=format-security' GCJFLAGS='-fmessage-length=0 -grecord-gcc-switches -O2 -D_FORTIFY_SOURCE=2 -funwind-tables -fasynchronous-unwind-tables -fstack-clash-protection -U_FORTIFY_SOURCE -fPIC -Wno-error=format-security ' --with-stage1-ldflags='-fmessage-length=0 -grecord-gcc-switches -O2 -D_FORTIFY_SOURCE=2 -funwind-tables -fasynchronous-unwind-tables -fstack-clash-protection -U_FORTIFY_SOURCE -fPIC -Wno-error=format-security -Wl,-rpath=/mpcdf/soft/SLE_15/packages/x86_64/gcc/11.2.0/lib64 -L/mpcdf/soft/SLE_15/packages/x86_64/isl/0.16.1/lib -Wl,-rpath=/mpcdf/soft/SLE_15/packages/x86_64/isl/0.16.1/lib' --prefix=/mpcdf/soft/SLE_15/packages/x86_64/gcc/11.2.0 --disable-multilib --with-isl=/mpcdf/soft/SLE_15/packages/x86_64/isl/0.16.1 --enable-linker-build-id --enable-languages=c,c++,fortran
Thread model: posix
Supported LTO compression algorithms: zlib
gcc version 11.2.0 (GCC) 
COMPILER_PATH=/raven/u/system/soft/SLE_15/packages/x86_64/gcc/11.2.0/bin/../libexec/gcc/x86_64-pc-linux-gnu/11.2.0/:/raven/u/system/soft/SLE_15/packages/x86_64/gcc/11.2.0/bin/../libexec/gcc/
LIBRARY_PATH=/raven/u/system/soft/SLE_15/packages/x86_64/gcc/11.2.0/bin/../lib/gcc/x86_64-pc-linux-gnu/11.2.0/:/raven/u/system/soft/SLE_15/packages/x86_64/gcc/11.2.0/bin/../lib/gcc/:/raven/u/system/soft/SLE_15/packages/x86_64/gcc/11.2.0/bin/../lib/gcc/x86_64-pc-linux-gnu/11.2.0/../../../../lib64/:/lib/../lib64/:/usr/lib/../lib64/:/raven/u/system/soft/SLE_15/packages/x86_64/gcc/11.2.0/bin/../lib/gcc/x86_64-pc-linux-gnu/11.2.0/../../../:/lib/:/usr/lib/
COLLECT_GCC_OPTIONS='-v' '-o' 'cmTC_c7119' '-shared-libgcc' '-mtune=generic' '-march=x86-64' '-dumpdir' 'cmTC_c7119.'
 /raven/u/system/soft/SLE_15/packages/x86_64/gcc/11.2.0/bin/../libexec/gcc/x86_64-pc-linux-gnu/11.2.0/collect2 -plugin /raven/u/system/soft/SLE_15/packages/x86_64/gcc/11.2.0/bin/../libexec/gcc/x86_64-pc-linux-gnu/11.2.0/liblto_plugin.so -plugin-opt=/raven/u/system/soft/SLE_15/packages/x86_64/gcc/11.2.0/bin/../libexec/gcc/x86_64-pc-linux-gnu/11.2.0/lto-wrapper -plugin-opt=-fresolution=/tmp/ccAqlDG0.res -plugin-opt=-pass-through=-lgcc_s -plugin-opt=-pass-through=-lgcc -plugin-opt=-pass-through=-lc -plugin-opt=-pass-through=-lgcc_s -plugin-opt=-pass-through=-lgcc --build-id --eh-frame-hdr -m elf_x86_64 -dynamic-linker /lib64/ld-linux-x86-64.so.2 -o cmTC_c7119 /usr/lib/../lib64/crt1.o /usr/lib/../lib64/crti.o /raven/u/system/soft/SLE_15/packages/x86_64/gcc/11.2.0/bin/../lib/gcc/x86_64-pc-linux-gnu/11.2.0/crtbegin.o -L/raven/u/system/soft/SLE_15/packages/x86_64/gcc/11.2.0/bin/../lib/gcc/x86_64-pc-linux-gnu/11.2.0 -L/raven/u/system/soft/SLE_15/packages/x86_64/gcc/11.2.0/bin/../lib/gcc -L/raven/u/system/soft/SLE_15/packages/x86_64/gcc/11.2.0/bin/../lib/gcc/x86_64-pc-linux-gnu/11.2.0/../../../../lib64 -L/lib/../lib64 -L/usr/lib/../lib64 -L/raven/u/system/soft/SLE_15/packages/x86_64/gcc/11.2.0/bin/../lib/gcc/x86_64-pc-linux-gnu/11.2.0/../../.. CMakeFiles/cmTC_c7119.dir/CMakeCXXCompilerABI.cpp.o -lstdc++ -lm -lgcc_s -lgcc -lc -rpath=/mpcdf/soft/SLE_15/packages/x86_64/gcc/11.2.0/lib64 -lgcc_s -lgcc /raven/u/system/soft/SLE_15/packages/x86_64/gcc/11.2.0/bin/../lib/gcc/x86_64-pc-linux-gnu/11.2.0/crtend.o /usr/lib/../lib64/crtn.o
COLLECT_GCC_OPTIONS='-v' '-o' 'cmTC_c7119' '-shared-libgcc' '-mtune=generic' '-march=x86-64' '-dumpdir' 'cmTC_c7119.'
gmake[1]: Leaving directory '/raven/u/saif/programm_installs/cppzmq/build/CMakeFiles/CMakeTmp'



Parsed CXX implicit include dir info from above output: rv=done
  found start of include info
  found start of implicit include info
    add: [/raven/u/system/soft/SLE_15/packages/x86_64/gcc/11.2.0/bin/../lib/gcc/x86_64-pc-linux-gnu/11.2.0/../../../../include/c++/11.2.0]
    add: [/raven/u/system/soft/SLE_15/packages/x86_64/gcc/11.2.0/bin/../lib/gcc/x86_64-pc-linux-gnu/11.2.0/../../../../include/c++/11.2.0/x86_64-pc-linux-gnu]
    add: [/raven/u/system/soft/SLE_15/packages/x86_64/gcc/11.2.0/bin/../lib/gcc/x86_64-pc-linux-gnu/11.2.0/../../../../include/c++/11.2.0/backward]
    add: [/raven/u/system/soft/SLE_15/packages/x86_64/gcc/11.2.0/bin/../lib/gcc/x86_64-pc-linux-gnu/11.2.0/include]
    add: [/raven/u/system/soft/SLE_15/packages/x86_64/gcc/11.2.0/bin/../lib/gcc/x86_64-pc-linux-gnu/11.2.0/include-fixed]
    add: [/usr/local/include]
    add: [/raven/u/system/soft/SLE_15/packages/x86_64/gcc/11.2.0/bin/../lib/gcc/../../include]
    add: [/usr/include]
  end of search list found
  collapse include dir [/raven/u/system/soft/SLE_15/packages/x86_64/gcc/11.2.0/bin/../lib/gcc/x86_64-pc-linux-gnu/11.2.0/../../../../include/c++/11.2.0] ==> [/u/system/soft/SLE_15/packages/x86_64/gcc/11.2.0/include/c++/11.2.0]
  collapse include dir [/raven/u/system/soft/SLE_15/packages/x86_64/gcc/11.2.0/bin/../lib/gcc/x86_64-pc-linux-gnu/11.2.0/../../../../include/c++/11.2.0/x86_64-pc-linux-gnu] ==> [/u/system/soft/SLE_15/packages/x86_64/gcc/11.2.0/include/c++/11.2.0/x86_64-pc-linux-gnu]
  collapse include dir [/raven/u/system/soft/SLE_15/packages/x86_64/gcc/11.2.0/bin/../lib/gcc/x86_64-pc-linux-gnu/11.2.0/../../../../include/c++/11.2.0/backward] ==> [/u/system/soft/SLE_15/packages/x86_64/gcc/11.2.0/include/c++/11.2.0/backward]
  collapse include dir [/raven/u/system/soft/SLE_15/packages/x86_64/gcc/11.2.0/bin/../lib/gcc/x86_64-pc-linux-gnu/11.2.0/include] ==> [/u/system/soft/SLE_15/packages/x86_64/gcc/11.2.0/lib/gcc/x86_64-pc-linux-gnu/11.2.0/include]
  collapse include dir [/raven/u/system/soft/SLE_15/packages/x86_64/gcc/11.2.0/bin/../lib/gcc/x86_64-pc-linux-gnu/11.2.0/include-fixed] ==> [/u/system/soft/SLE_15/packages/x86_64/gcc/11.2.0/lib/gcc/x86_64-pc-linux-gnu/11.2.0/include-fixed]
  collapse include dir [/usr/local/include] ==> [/usr/local/include]
  collapse include dir [/raven/u/system/soft/SLE_15/packages/x86_64/gcc/11.2.0/bin/../lib/gcc/../../include] ==> [/u/system/soft/SLE_15/packages/x86_64/gcc/11.2.0/include]
  collapse include dir [/usr/include] ==> [/usr/include]
  implicit include dirs: [/u/system/soft/SLE_15/packages/x86_64/gcc/11.2.0/include/c++/11.2.0;/u/system/soft/SLE_15/packages/x86_64/gcc/11.2.0/include/c++/11.2.0/x86_64-pc-linux-gnu;/u/system/soft/SLE_15/packages/x86_64/gcc/11.2.0/include/c++/11.2.0/backward;/u/system/soft/SLE_15/packages/x86_64/gcc/11.2.0/lib/gcc/x86_64-pc-linux-gnu/11.2.0/include;/u/system/soft/SLE_15/packages/x86_64/gcc/11.2.0/lib/gcc/x86_64-pc-linux-gnu/11.2.0/include-fixed;/usr/local/include;/u/system/soft/SLE_15/packages/x86_64/gcc/11.2.0/include;/usr/include]


Parsed CXX implicit link information from above output:
  link line regex: [^( *|.*[/\])(ld|CMAKE_LINK_STARTFILE-NOTFOUND|([^/\]+-)?ld|collect2)[^/\]*( |$)]
  ignore line: [Change Dir: /u/saif/programm_installs/cppzmq/build/CMakeFiles/CMakeTmp]
  ignore line: []
  ignore line: [Run Build Command(s):/usr/bin/gmake cmTC_c7119/fast && /usr/bin/gmake -f CMakeFiles/cmTC_c7119.dir/build.make CMakeFiles/cmTC_c7119.dir/build]
  ignore line: [gmake[1]: Entering directory '/raven/u/saif/programm_installs/cppzmq/build/CMakeFiles/CMakeTmp']
  ignore line: [Building CXX object CMakeFiles/cmTC_c7119.dir/CMakeCXXCompilerABI.cpp.o]
  ignore line: [/mpcdf/soft/SLE_15/packages/x86_64/gcc/11.2.0/bin/g++    -v -o CMakeFiles/cmTC_c7119.dir/CMakeCXXCompilerABI.cpp.o -c /usr/share/cmake/Modules/CMakeCXXCompilerABI.cpp]
  ignore line: [Reading specs from /raven/u/system/soft/SLE_15/packages/x86_64/gcc/11.2.0/bin/../lib/gcc/x86_64-pc-linux-gnu/11.2.0/specs]
  ignore line: [COLLECT_GCC=/mpcdf/soft/SLE_15/packages/x86_64/gcc/11.2.0/bin/g++]
  ignore line: [Target: x86_64-pc-linux-gnu]
  ignore line: [Configured with: ../gcc-11.2.0/configure LDFLAGS='-fmessage-length=0 -grecord-gcc-switches -O2 -D_FORTIFY_SOURCE=2 -funwind-tables -fasynchronous-unwind-tables -fstack-clash-protection -U_FORTIFY_SOURCE -fPIC -Wno-error=format-security -Wl,-rpath=/mpcdf/soft/SLE_15/packages/x86_64/gcc/11.2.0/lib64 -L/mpcdf/soft/SLE_15/packages/x86_64/isl/0.16.1/lib -Wl,-rpath=/mpcdf/soft/SLE_15/packages/x86_64/isl/0.16.1/lib' CFLAGS='-fmessage-length=0 -grecord-gcc-switches -O2 -D_FORTIFY_SOURCE=2 -funwind-tables -fasynchronous-unwind-tables -fstack-clash-protection -U_FORTIFY_SOURCE -fPIC -Wno-error=format-security' CXXFLAGS='-fmessage-length=0 -grecord-gcc-switches -O2 -D_FORTIFY_SOURCE=2 -funwind-tables -fasynchronous-unwind-tables -fstack-clash-protection -U_FORTIFY_SOURCE -fPIC -Wno-error=format-security' XCFLAGS='-fmessage-length=0 -grecord-gcc-switches -O2 -D_FORTIFY_SOURCE=2 -funwind-tables -fasynchronous-unwind-tables -fstack-clash-protection -U_FORTIFY_SOURCE -fPIC -Wno-error=format-security' TCFLAGS='-fmessage-length=0 -grecord-gcc-switches -O2 -D_FORTIFY_SOURCE=2 -funwind-tables -fasynchronous-unwind-tables -fstack-clash-protection -U_FORTIFY_SOURCE -fPIC -Wno-error=format-security' GCJFLAGS='-fmessage-length=0 -grecord-gcc-switches -O2 -D_FORTIFY_SOURCE=2 -funwind-tables -fasynchronous-unwind-tables -fstack-clash-protection -U_FORTIFY_SOURCE -fPIC -Wno-error=format-security ' --with-stage1-ldflags='-fmessage-length=0 -grecord-gcc-switches -O2 -D_FORTIFY_SOURCE=2 -funwind-tables -fasynchronous-unwind-tables -fstack-clash-protection -U_FORTIFY_SOURCE -fPIC -Wno-error=format-security -Wl,-rpath=/mpcdf/soft/SLE_15/packages/x86_64/gcc/11.2.0/lib64 -L/mpcdf/soft/SLE_15/packages/x86_64/isl/0.16.1/lib -Wl,-rpath=/mpcdf/soft/SLE_15/packages/x86_64/isl/0.16.1/lib' --prefix=/mpcdf/soft/SLE_15/packages/x86_64/gcc/11.2.0 --disable-multilib --with-isl=/mpcdf/soft/SLE_15/packages/x86_64/isl/0.16.1 --enable-linker-build-id --enable-languages=c,c++,fortran]
  ignore line: [Thread model: posix]
  ignore line: [Supported LTO compression algorithms: zlib]
  ignore line: [gcc version 11.2.0 (GCC) ]
  ignore line: [COLLECT_GCC_OPTIONS='-v' '-o' 'CMakeFiles/cmTC_c7119.dir/CMakeCXXCompilerABI.cpp.o' '-c' '-shared-libgcc' '-mtune=generic' '-march=x86-64' '-dumpdir' 'CMakeFiles/cmTC_c7119.dir/']
  ignore line: [ /raven/u/system/soft/SLE_15/packages/x86_64/gcc/11.2.0/bin/../libexec/gcc/x86_64-pc-linux-gnu/11.2.0/cc1plus -quiet -v -iprefix /raven/u/system/soft/SLE_15/packages/x86_64/gcc/11.2.0/bin/../lib/gcc/x86_64-pc-linux-gnu/11.2.0/ -D_GNU_SOURCE /usr/share/cmake/Modules/CMakeCXXCompilerABI.cpp -quiet -dumpdir CMakeFiles/cmTC_c7119.dir/ -dumpbase CMakeCXXCompilerABI.cpp.cpp -dumpbase-ext .cpp -mtune=generic -march=x86-64 -version -o /tmp/cchghyJt.s]
  ignore line: [GNU C++17 (GCC) version 11.2.0 (x86_64-pc-linux-gnu)]
  ignore line: [	compiled by GNU C version 11.2.0  GMP version 6.1.2  MPFR version 4.0.1  MPC version 1.1.0  isl version isl-0.16.1-GMP]
  ignore line: []
  ignore line: [warning: MPFR header version 4.0.1 differs from library version 4.0.2-p6.]
  ignore line: [GGC heuristics: --param ggc-min-expand=100 --param ggc-min-heapsize=131072]
  ignore line: [ignoring nonexistent directory "/raven/u/system/soft/SLE_15/packages/x86_64/gcc/11.2.0/bin/../lib/gcc/x86_64-pc-linux-gnu/11.2.0/../../../../x86_64-pc-linux-gnu/include"]
  ignore line: [ignoring duplicate directory "/raven/u/system/soft/SLE_15/packages/x86_64/gcc/11.2.0/bin/../lib/gcc/../../lib/gcc/x86_64-pc-linux-gnu/11.2.0/../../../../include/c++/11.2.0"]
  ignore line: [ignoring duplicate directory "/raven/u/system/soft/SLE_15/packages/x86_64/gcc/11.2.0/bin/../lib/gcc/../../lib/gcc/x86_64-pc-linux-gnu/11.2.0/../../../../include/c++/11.2.0/x86_64-pc-linux-gnu"]
  ignore line: [ignoring duplicate directory "/raven/u/system/soft/SLE_15/packages/x86_64/gcc/11.2.0/bin/../lib/gcc/../../lib/gcc/x86_64-pc-linux-gnu/11.2.0/../../../../include/c++/11.2.0/backward"]
  ignore line: [ignoring duplicate directory "/raven/u/system/soft/SLE_15/packages/x86_64/gcc/11.2.0/bin/../lib/gcc/../../lib/gcc/x86_64-pc-linux-gnu/11.2.0/include"]
  ignore line: [ignoring duplicate directory "/raven/u/system/soft/SLE_15/packages/x86_64/gcc/11.2.0/bin/../lib/gcc/../../lib/gcc/x86_64-pc-linux-gnu/11.2.0/include-fixed"]
  ignore line: [ignoring nonexistent directory "/raven/u/system/soft/SLE_15/packages/x86_64/gcc/11.2.0/bin/../lib/gcc/../../lib/gcc/x86_64-pc-linux-gnu/11.2.0/../../../../x86_64-pc-linux-gnu/include"]
  ignore line: [#include "..." search starts here:]
  ignore line: [#include <...> search starts here:]
  ignore line: [ /raven/u/system/soft/SLE_15/packages/x86_64/gcc/11.2.0/bin/../lib/gcc/x86_64-pc-linux-gnu/11.2.0/../../../../include/c++/11.2.0]
  ignore line: [ /raven/u/system/soft/SLE_15/packages/x86_64/gcc/11.2.0/bin/../lib/gcc/x86_64-pc-linux-gnu/11.2.0/../../../../include/c++/11.2.0/x86_64-pc-linux-gnu]
  ignore line: [ /raven/u/system/soft/SLE_15/packages/x86_64/gcc/11.2.0/bin/../lib/gcc/x86_64-pc-linux-gnu/11.2.0/../../../../include/c++/11.2.0/backward]
  ignore line: [ /raven/u/system/soft/SLE_15/packages/x86_64/gcc/11.2.0/bin/../lib/gcc/x86_64-pc-linux-gnu/11.2.0/include]
  ignore line: [ /raven/u/system/soft/SLE_15/packages/x86_64/gcc/11.2.0/bin/../lib/gcc/x86_64-pc-linux-gnu/11.2.0/include-fixed]
  ignore line: [ /usr/local/include]
  ignore line: [ /raven/u/system/soft/SLE_15/packages/x86_64/gcc/11.2.0/bin/../lib/gcc/../../include]
  ignore line: [ /usr/include]
  ignore line: [End of search list.]
  ignore line: [GNU C++17 (GCC) version 11.2.0 (x86_64-pc-linux-gnu)]
  ignore line: [	compiled by GNU C version 11.2.0  GMP version 6.1.2  MPFR version 4.0.1  MPC version 1.1.0  isl version isl-0.16.1-GMP]
  ignore line: []
  ignore line: [warning: MPFR header version 4.0.1 differs from library version 4.0.2-p6.]
  ignore line: [GGC heuristics: --param ggc-min-expand=100 --param ggc-min-heapsize=131072]
  ignore line: [Compiler executable checksum: f8d5f2a139bfd6763cf06812735bedeb]
  ignore line: [COLLECT_GCC_OPTIONS='-v' '-o' 'CMakeFiles/cmTC_c7119.dir/CMakeCXXCompilerABI.cpp.o' '-c' '-shared-libgcc' '-mtune=generic' '-march=x86-64' '-dumpdir' 'CMakeFiles/cmTC_c7119.dir/']
  ignore line: [ as -v --64 -o CMakeFiles/cmTC_c7119.dir/CMakeCXXCompilerABI.cpp.o /tmp/cchghyJt.s]
  ignore line: [GNU assembler version 2.37 (x86_64-suse-linux) using BFD version (GNU Binutils]
  ignore line: [ SUSE Linux Enterprise 15) 2.37.20211103-150100.7.34]
  ignore line: [COMPILER_PATH=/raven/u/system/soft/SLE_15/packages/x86_64/gcc/11.2.0/bin/../libexec/gcc/x86_64-pc-linux-gnu/11.2.0/:/raven/u/system/soft/SLE_15/packages/x86_64/gcc/11.2.0/bin/../libexec/gcc/]
  ignore line: [LIBRARY_PATH=/raven/u/system/soft/SLE_15/packages/x86_64/gcc/11.2.0/bin/../lib/gcc/x86_64-pc-linux-gnu/11.2.0/:/raven/u/system/soft/SLE_15/packages/x86_64/gcc/11.2.0/bin/../lib/gcc/:/raven/u/system/soft/SLE_15/packages/x86_64/gcc/11.2.0/bin/../lib/gcc/x86_64-pc-linux-gnu/11.2.0/../../../../lib64/:/lib/../lib64/:/usr/lib/../lib64/:/raven/u/system/soft/SLE_15/packages/x86_64/gcc/11.2.0/bin/../lib/gcc/x86_64-pc-linux-gnu/11.2.0/../../../:/lib/:/usr/lib/]
  ignore line: [COLLECT_GCC_OPTIONS='-v' '-o' 'CMakeFiles/cmTC_c7119.dir/CMakeCXXCompilerABI.cpp.o' '-c' '-shared-libgcc' '-mtune=generic' '-march=x86-64' '-dumpdir' 'CMakeFiles/cmTC_c7119.dir/CMakeCXXCompilerABI.cpp.']
  ignore line: [Linking CXX executable cmTC_c7119]
  ignore line: [/usr/bin/cmake -E cmake_link_script CMakeFiles/cmTC_c7119.dir/link.txt --verbose=1]
  ignore line: [/mpcdf/soft/SLE_15/packages/x86_64/gcc/11.2.0/bin/g++      -v CMakeFiles/cmTC_c7119.dir/CMakeCXXCompilerABI.cpp.o  -o cmTC_c7119 ]
  ignore line: [Reading specs from /raven/u/system/soft/SLE_15/packages/x86_64/gcc/11.2.0/bin/../lib/gcc/x86_64-pc-linux-gnu/11.2.0/specs]
  ignore line: [COLLECT_GCC=/mpcdf/soft/SLE_15/packages/x86_64/gcc/11.2.0/bin/g++]
  ignore line: [COLLECT_LTO_WRAPPER=/raven/u/system/soft/SLE_15/packages/x86_64/gcc/11.2.0/bin/../libexec/gcc/x86_64-pc-linux-gnu/11.2.0/lto-wrapper]
  ignore line: [Target: x86_64-pc-linux-gnu]
  ignore line: [Configured with: ../gcc-11.2.0/configure LDFLAGS='-fmessage-length=0 -grecord-gcc-switches -O2 -D_FORTIFY_SOURCE=2 -funwind-tables -fasynchronous-unwind-tables -fstack-clash-protection -U_FORTIFY_SOURCE -fPIC -Wno-error=format-security -Wl,-rpath=/mpcdf/soft/SLE_15/packages/x86_64/gcc/11.2.0/lib64 -L/mpcdf/soft/SLE_15/packages/x86_64/isl/0.16.1/lib -Wl,-rpath=/mpcdf/soft/SLE_15/packages/x86_64/isl/0.16.1/lib' CFLAGS='-fmessage-length=0 -grecord-gcc-switches -O2 -D_FORTIFY_SOURCE=2 -funwind-tables -fasynchronous-unwind-tables -fstack-clash-protection -U_FORTIFY_SOURCE -fPIC -Wno-error=format-security' CXXFLAGS='-fmessage-length=0 -grecord-gcc-switches -O2 -D_FORTIFY_SOURCE=2 -funwind-tables -fasynchronous-unwind-tables -fstack-clash-protection -U_FORTIFY_SOURCE -fPIC -Wno-error=format-security' XCFLAGS='-fmessage-length=0 -grecord-gcc-switches -O2 -D_FORTIFY_SOURCE=2 -funwind-tables -fasynchronous-unwind-tables -fstack-clash-protection -U_FORTIFY_SOURCE -fPIC -Wno-error=format-security' TCFLAGS='-fmessage-length=0 -grecord-gcc-switches -O2 -D_FORTIFY_SOURCE=2 -funwind-tables -fasynchronous-unwind-tables -fstack-clash-protection -U_FORTIFY_SOURCE -fPIC -Wno-error=format-security' GCJFLAGS='-fmessage-length=0 -grecord-gcc-switches -O2 -D_FORTIFY_SOURCE=2 -funwind-tables -fasynchronous-unwind-tables -fstack-clash-protection -U_FORTIFY_SOURCE -fPIC -Wno-error=format-security ' --with-stage1-ldflags='-fmessage-length=0 -grecord-gcc-switches -O2 -D_FORTIFY_SOURCE=2 -funwind-tables -fasynchronous-unwind-tables -fstack-clash-protection -U_FORTIFY_SOURCE -fPIC -Wno-error=format-security -Wl,-rpath=/mpcdf/soft/SLE_15/packages/x86_64/gcc/11.2.0/lib64 -L/mpcdf/soft/SLE_15/packages/x86_64/isl/0.16.1/lib -Wl,-rpath=/mpcdf/soft/SLE_15/packages/x86_64/isl/0.16.1/lib' --prefix=/mpcdf/soft/SLE_15/packages/x86_64/gcc/11.2.0 --disable-multilib --with-isl=/mpcdf/soft/SLE_15/packages/x86_64/isl/0.16.1 --enable-linker-build-id --enable-languages=c,c++,fortran]
  ignore line: [Thread model: posix]
  ignore line: [Supported LTO compression algorithms: zlib]
  ignore line: [gcc version 11.2.0 (GCC) ]
  ignore line: [COMPILER_PATH=/raven/u/system/soft/SLE_15/packages/x86_64/gcc/11.2.0/bin/../libexec/gcc/x86_64-pc-linux-gnu/11.2.0/:/raven/u/system/soft/SLE_15/packages/x86_64/gcc/11.2.0/bin/../libexec/gcc/]
  ignore line: [LIBRARY_PATH=/raven/u/system/soft/SLE_15/packages/x86_64/gcc/11.2.0/bin/../lib/gcc/x86_64-pc-linux-gnu/11.2.0/:/raven/u/system/soft/SLE_15/packages/x86_64/gcc/11.2.0/bin/../lib/gcc/:/raven/u/system/soft/SLE_15/packages/x86_64/gcc/11.2.0/bin/../lib/gcc/x86_64-pc-linux-gnu/11.2.0/../../../../lib64/:/lib/../lib64/:/usr/lib/../lib64/:/raven/u/system/soft/SLE_15/packages/x86_64/gcc/11.2.0/bin/../lib/gcc/x86_64-pc-linux-gnu/11.2.0/../../../:/lib/:/usr/lib/]
  ignore line: [COLLECT_GCC_OPTIONS='-v' '-o' 'cmTC_c7119' '-shared-libgcc' '-mtune=generic' '-march=x86-64' '-dumpdir' 'cmTC_c7119.']
  link line: [ /raven/u/system/soft/SLE_15/packages/x86_64/gcc/11.2.0/bin/../libexec/gcc/x86_64-pc-linux-gnu/11.2.0/collect2 -plugin /raven/u/system/soft/SLE_15/packages/x86_64/gcc/11.2.0/bin/../libexec/gcc/x86_64-pc-linux-gnu/11.2.0/liblto_plugin.so -plugin-opt=/raven/u/system/soft/SLE_15/packages/x86_64/gcc/11.2.0/bin/../libexec/gcc/x86_64-pc-linux-gnu/11.2.0/lto-wrapper -plugin-opt=-fresolution=/tmp/ccAqlDG0.res -plugin-opt=-pass-through=-lgcc_s -plugin-opt=-pass-through=-lgcc -plugin-opt=-pass-through=-lc -plugin-opt=-pass-through=-lgcc_s -plugin-opt=-pass-through=-lgcc --build-id --eh-frame-hdr -m elf_x86_64 -dynamic-linker /lib64/ld-linux-x86-64.so.2 -o cmTC_c7119 /usr/lib/../lib64/crt1.o /usr/lib/../lib64/crti.o /raven/u/system/soft/SLE_15/packages/x86_64/gcc/11.2.0/bin/../lib/gcc/x86_64-pc-linux-gnu/11.2.0/crtbegin.o -L/raven/u/system/soft/SLE_15/packages/x86_64/gcc/11.2.0/bin/../lib/gcc/x86_64-pc-linux-gnu/11.2.0 -L/raven/u/system/soft/SLE_15/packages/x86_64/gcc/11.2.0/bin/../lib/gcc -L/raven/u/system/soft/SLE_15/packages/x86_64/gcc/11.2.0/bin/../lib/gcc/x86_64-pc-linux-gnu/11.2.0/../../../../lib64 -L/lib/../lib64 -L/usr/lib/../lib64 -L/raven/u/system/soft/SLE_15/packages/x86_64/gcc/11.2.0/bin/../lib/gcc/x86_64-pc-linux-gnu/11.2.0/../../.. CMakeFiles/cmTC_c7119.dir/CMakeCXXCompilerABI.cpp.o -lstdc++ -lm -lgcc_s -lgcc -lc -rpath=/mpcdf/soft/SLE_15/packages/x86_64/gcc/11.2.0/lib64 -lgcc_s -lgcc /raven/u/system/soft/SLE_15/packages/x86_64/gcc/11.2.0/bin/../lib/gcc/x86_64-pc-linux-gnu/11.2.0/crtend.o /usr/lib/../lib64/crtn.o]
    arg [/raven/u/system/soft/SLE_15/packages/x86_64/gcc/11.2.0/bin/../libexec/gcc/x86_64-pc-linux-gnu/11.2.0/collect2] ==> ignore
    arg [-plugin] ==> ignore
    arg [/raven/u/system/soft/SLE_15/packages/x86_64/gcc/11.2.0/bin/../libexec/gcc/x86_64-pc-linux-gnu/11.2.0/liblto_plugin.so] ==> ignore
    arg [-plugin-opt=/raven/u/system/soft/SLE_15/packages/x86_64/gcc/11.2.0/bin/../libexec/gcc/x86_64-pc-linux-gnu/11.2.0/lto-wrapper] ==> ignore
    arg [-plugin-opt=-fresolution=/tmp/ccAqlDG0.res] ==> ignore
    arg [-plugin-opt=-pass-through=-lgcc_s] ==> ignore
    arg [-plugin-opt=-pass-through=-lgcc] ==> ignore
    arg [-plugin-opt=-pass-through=-lc] ==> ignore
    arg [-plugin-opt=-pass-through=-lgcc_s] ==> ignore
    arg [-plugin-opt=-pass-through=-lgcc] ==> ignore
    arg [--build-id] ==> ignore
    arg [--eh-frame-hdr] ==> ignore
    arg [-m] ==> ignore
    arg [elf_x86_64] ==> ignore
    arg [-dynamic-linker] ==> ignore
    arg [/lib64/ld-linux-x86-64.so.2] ==> ignore
    arg [-o] ==> ignore
    arg [cmTC_c7119] ==> ignore
    arg [/usr/lib/../lib64/crt1.o] ==> ignore
    arg [/usr/lib/../lib64/crti.o] ==> ignore
    arg [/raven/u/system/soft/SLE_15/packages/x86_64/gcc/11.2.0/bin/../lib/gcc/x86_64-pc-linux-gnu/11.2.0/crtbegin.o] ==> ignore
    arg [-L/raven/u/system/soft/SLE_15/packages/x86_64/gcc/11.2.0/bin/../lib/gcc/x86_64-pc-linux-gnu/11.2.0] ==> dir [/raven/u/system/soft/SLE_15/packages/x86_64/gcc/11.2.0/bin/../lib/gcc/x86_64-pc-linux-gnu/11.2.0]
    arg [-L/raven/u/system/soft/SLE_15/packages/x86_64/gcc/11.2.0/bin/../lib/gcc] ==> dir [/raven/u/system/soft/SLE_15/packages/x86_64/gcc/11.2.0/bin/../lib/gcc]
    arg [-L/raven/u/system/soft/SLE_15/packages/x86_64/gcc/11.2.0/bin/../lib/gcc/x86_64-pc-linux-gnu/11.2.0/../../../../lib64] ==> dir [/raven/u/system/soft/SLE_15/packages/x86_64/gcc/11.2.0/bin/../lib/gcc/x86_64-pc-linux-gnu/11.2.0/../../../../lib64]
    arg [-L/lib/../lib64] ==> dir [/lib/../lib64]
    arg [-L/usr/lib/../lib64] ==> dir [/usr/lib/../lib64]
    arg [-L/raven/u/system/soft/SLE_15/packages/x86_64/gcc/11.2.0/bin/../lib/gcc/x86_64-pc-linux-gnu/11.2.0/../../..] ==> dir [/raven/u/system/soft/SLE_15/packages/x86_64/gcc/11.2.0/bin/../lib/gcc/x86_64-pc-linux-gnu/11.2.0/../../..]
    arg [CMakeFiles/cmTC_c7119.dir/CMakeCXXCompilerABI.cpp.o] ==> ignore
    arg [-lstdc++] ==> lib [stdc++]
    arg [-lm] ==> lib [m]
    arg [-lgcc_s] ==> lib [gcc_s]
    arg [-lgcc] ==> lib [gcc]
    arg [-lc] ==> lib [c]
    arg [-rpath=/mpcdf/soft/SLE_15/packages/x86_64/gcc/11.2.0/lib64] ==> ignore
    arg [-lgcc_s] ==> lib [gcc_s]
    arg [-lgcc] ==> lib [gcc]
    arg [/raven/u/system/soft/SLE_15/packages/x86_64/gcc/11.2.0/bin/../lib/gcc/x86_64-pc-linux-gnu/11.2.0/crtend.o] ==> ignore
    arg [/usr/lib/../lib64/crtn.o] ==> ignore
  collapse library dir [/raven/u/system/soft/SLE_15/packages/x86_64/gcc/11.2.0/bin/../lib/gcc/x86_64-pc-linux-gnu/11.2.0] ==> [/u/system/soft/SLE_15/packages/x86_64/gcc/11.2.0/lib/gcc/x86_64-pc-linux-gnu/11.2.0]
  collapse library dir [/raven/u/system/soft/SLE_15/packages/x86_64/gcc/11.2.0/bin/../lib/gcc] ==> [/u/system/soft/SLE_15/packages/x86_64/gcc/11.2.0/lib/gcc]
  collapse library dir [/raven/u/system/soft/SLE_15/packages/x86_64/gcc/11.2.0/bin/../lib/gcc/x86_64-pc-linux-gnu/11.2.0/../../../../lib64] ==> [/u/system/soft/SLE_15/packages/x86_64/gcc/11.2.0/lib64]
  collapse library dir [/lib/../lib64] ==> [/lib64]
  collapse library dir [/usr/lib/../lib64] ==> [/usr/lib64]
  collapse library dir [/raven/u/system/soft/SLE_15/packages/x86_64/gcc/11.2.0/bin/../lib/gcc/x86_64-pc-linux-gnu/11.2.0/../../..] ==> [/u/system/soft/SLE_15/packages/x86_64/gcc/11.2.0/lib]
  implicit libs: [stdc++;m;gcc_s;gcc;c;gcc_s;gcc]
  implicit dirs: [/u/system/soft/SLE_15/packages/x86_64/gcc/11.2.0/lib/gcc/x86_64-pc-linux-gnu/11.2.0;/u/system/soft/SLE_15/packages/x86_64/gcc/11.2.0/lib/gcc;/u/system/soft/SLE_15/packages/x86_64/gcc/11.2.0/lib64;/lib64;/usr/lib64;/u/system/soft/SLE_15/packages/x86_64/gcc/11.2.0/lib]
  implicit fwks: []


